2016-06-28 22:37:28 INFO  o.r.Reflections.scan:224 - Reflections took 4 ms to scan 2 urls, producing 10 keys and 83 values 
2016-06-28 22:37:28 INFO  o.r.Reflections.scan:224 - Reflections took 10 ms to scan 1 urls, producing 8 keys and 45 values 
2016-06-28 22:37:28 INFO  c.e.u.r.Raptor2.apply:51 - Starting upgrade pom.xml with taskId Some(24294291329606118)
2016-06-28 22:37:28 INFO  c.e.r.c.JsonUpgradeConfiguration.apply:45 - Creating instance for MavenPluginsMappingRule with config Some(JObject(List((mappings,JArray(List(JObject(List((from,JObject(List((groupId,JString(com.ebay.raptor.build)), (artifactId,JString(assembler-maven-plugin))))), (to,JObject(List((groupId,JString(com.ebay.raptor.build)), (artifactId,JString(assembler-maven-plugin)), (version,JString(1.1.8)))))))))))))
2016-06-28 22:37:28 INFO  c.e.r.c.JsonUpgradeConfiguration.apply:45 - Creating instance for RaptorPlatformVersionUpdateRule with config Some(JObject(List((targetVersion,JString(2.4.0-RELEASE)))))
2016-06-28 22:37:28 INFO  c.e.r.c.JsonUpgradeConfiguration.apply:45 - Creating instance for ServerRuntimeConfigMigrationRule with config Some(JObject(List((src,JString(webcontainer)), (mapping,JObject(List((MaxThreadPoolSize=(.*),JString(ebay.threadpool.ThreadPoolSizeBean.Maximum Thread Pool Size)), (MinThreadPoolSize=(.*),JString(ebay.threadpool.ThreadPoolSizeBean.Minimum Thread Pool Size))))), (removeEmpty,JBool(true)))))
2016-06-28 22:37:28 INFO  c.e.r.c.JsonUpgradeConfiguration.apply:45 - Creating instance for ServerRuntimeConfigMigrationRule with config Some(JObject(List((src,JString(g3)), (mapping,JObject(List((MaxThreadPoolSize=(.*),JString(ebay.threadpool.ThreadPoolSizeBean.Maximum Thread Pool Size)), (MinThreadPoolSize=(.*),JString(ebay.threadpool.ThreadPoolSizeBean.Minimum Thread Pool Size))))), (removeEmpty,JBool(true)))))
2016-06-28 22:37:28 INFO  c.e.r.c.JsonUpgradeConfiguration.apply:45 - Creating instance for ServerRuntimeConfigMigrationRule with config Some(JObject(List((src,JString(tomcat)), (mapping,JObject(List((MAX_THREADS=(.*),JString(ebay.threadpool.ThreadPoolSizeBean.Maximum Thread Pool Size)), (MIN_SPARE_THREADS=(.*),JString(ebay.threadpool.ThreadPoolSizeBean.Minimum Thread Pool Size))))), (removeEmpty,JBool(true)))))
2016-06-28 22:37:28 INFO  c.e.r.c.JsonUpgradeConfiguration.apply:45 - Creating instance for MavenExcludeAndReplaceDependenciesRule with config Some(JObject(List((from,JArray(List(JObject(List((groupId,JString(com.netflix.rxjava)), (artifactId,JString(rxjava-core))))))), (to,JArray(List(JObject(List((groupId,JString(io.reactivex)), (artifactId,JString(rxjava))))))))))
2016-06-28 22:37:28 INFO  c.e.r.c.JsonUpgradeConfiguration.apply:45 - Creating instance for MavenDependenciesMappingRule with config Some(JObject(List((from,JArray(List(JObject(List((groupId,JString(com.springsource.org)), (artifactId,JString(junit))))))), (to,JArray(List(JObject(List((groupId,JString(com.springsource.org)), (artifactId,JString(junit)), (version,JString(4.8.1)), (scope,JString(test))))))))))
2016-06-28 22:37:28 INFO  c.e.r.c.RuleEngine.apply:34 - Executing rule com.ebay.rtran.maven.MavenPluginsMappingRule ...
2016-06-28 22:37:28 INFO  c.e.r.c.RuleEngine.apply:34 - Executing rule com.ebay.uaas.raptor.rule.RaptorPlatformVersionUpdateRule ...
2016-06-28 22:37:28 INFO  c.e.u.r.r.RaptorPlatformVersionUpdateRule.apply:31 - Found maven pom /ebay/cronus/software/service_nodes/.ENVf7jokk59vh.uaas-app__ENVf7jokk59vh.uaas-app__ENVf7jokk59vh-PHX-CLieunv4vdj5j9a-10.9.159.221/installed-packages/uaas/0.0.5_SNAPSHOT_20160622200653345.unx/cronus/scripts/app/temp/24294291329606118/pom.xml for artifact promoweb
2016-06-28 22:37:28 INFO  c.e.u.r.r.RaptorPlatformVersionUpdateRule.apply:31 - Found maven pom /ebay/cronus/software/service_nodes/.ENVf7jokk59vh.uaas-app__ENVf7jokk59vh.uaas-app__ENVf7jokk59vh-PHX-CLieunv4vdj5j9a-10.9.159.221/installed-packages/uaas/0.0.5_SNAPSHOT_20160622200653345.unx/cronus/scripts/app/temp/24294291329606118/promowebweb/pom.xml for artifact promowebweb
2016-06-28 22:37:28 INFO  c.e.u.r.r.RaptorPlatformVersionUpdateRule.transform:45 - Rule com.ebay.uaas.raptor.rule.RaptorPlatformVersionUpdateRule was applied to 1 files
2016-06-28 22:37:28 INFO  c.e.u.r.r.RaptorPlatformVersionUpdateRule.apply:98 - Remove the version for Plugin [com.ebay.raptor.build:assembler-maven-plugin] and let RaptorPlatform to manage it in /ebay/cronus/software/service_nodes/.ENVf7jokk59vh.uaas-app__ENVf7jokk59vh.uaas-app__ENVf7jokk59vh-PHX-CLieunv4vdj5j9a-10.9.159.221/installed-packages/uaas/0.0.5_SNAPSHOT_20160622200653345.unx/cronus/scripts/app/temp/24294291329606118/promowebweb/pom.xml
2016-06-28 22:37:28 INFO  c.e.u.r.r.RaptorPlatformVersionUpdateRule.apply:102 - Rule com.ebay.uaas.raptor.rule.RaptorPlatformVersionUpdateRule was applied to 1 files
2016-06-28 22:37:28 INFO  c.e.u.r.r.RaptorPlatformVersionUpdateRule.apply:102 - Rule com.ebay.uaas.raptor.rule.RaptorPlatformVersionUpdateRule was applied to 1 files
2016-06-28 22:37:28 INFO  c.e.r.c.RuleEngine.apply:34 - Executing rule com.ebay.uaas.raptor.rule.ServerRuntimeConfigMigrationRule ...
2016-06-28 22:37:28 INFO  c.e.u.r.r.ServerRuntimeConfigMigrationRule.transform:107 - Rule com.ebay.uaas.raptor.rule.ServerRuntimeConfigMigrationRule was applied to 0 files
2016-06-28 22:37:28 INFO  c.e.r.c.RuleEngine.apply:34 - Executing rule com.ebay.uaas.raptor.rule.ServerRuntimeConfigMigrationRule ...
2016-06-28 22:37:28 INFO  c.e.u.r.r.ServerRuntimeConfigMigrationRule.transform:107 - Rule com.ebay.uaas.raptor.rule.ServerRuntimeConfigMigrationRule was applied to 0 files
2016-06-28 22:37:28 INFO  c.e.r.c.RuleEngine.apply:34 - Executing rule com.ebay.uaas.raptor.rule.ServerRuntimeConfigMigrationRule ...
2016-06-28 22:37:28 INFO  c.e.u.r.r.ServerRuntimeConfigMigrationRule.transform:107 - Rule com.ebay.uaas.raptor.rule.ServerRuntimeConfigMigrationRule was applied to 0 files
2016-06-28 22:37:28 INFO  c.e.r.c.RuleEngine.apply:34 - Executing rule com.ebay.uaas.raptor.rule.MavenExcludeAndReplaceDependenciesRule ...
2016-06-28 22:38:43 INFO  c.e.u.r.r.MavenExcludeAndReplaceDependenciesRule.transform:40 - Rule com.ebay.uaas.raptor.rule.MavenExcludeAndReplaceDependenciesRule was applied to 1 files
2016-06-28 22:38:59 INFO  c.e.r.m.MavenExcludeDependenciesRule.transform:69 - Rule com.ebay.rtran.maven.MavenExcludeDependenciesRule was applied to 0 files
2016-06-28 22:38:59 INFO  c.e.r.c.RuleEngine.apply:34 - Executing rule com.ebay.rtran.maven.MavenDependenciesMappingRule ...
2016-06-28 22:39:00 INFO  c.e.r.c.RuleEngine.apply:34 - Executing rule com.ebay.rtran.maven.MavenPluginsMappingRule ...
2016-06-28 22:39:00 INFO  c.e.r.c.RuleEngine.apply:34 - Executing rule com.ebay.uaas.raptor.rule.RaptorPlatformVersionUpdateRule ...
2016-06-28 22:39:00 INFO  c.e.u.r.r.RaptorPlatformVersionUpdateRule.apply:31 - Found maven pom /ebay/cronus/software/service_nodes/.ENVf7jokk59vh.uaas-app__ENVf7jokk59vh.uaas-app__ENVf7jokk59vh-PHX-CLieunv4vdj5j9a-10.9.159.221/installed-packages/uaas/0.0.5_SNAPSHOT_20160622200653345.unx/cronus/scripts/app/temp/24294291329606118/pom.xml for artifact promoweb
2016-06-28 22:39:00 INFO  c.e.u.r.r.RaptorPlatformVersionUpdateRule.apply:31 - Found maven pom /ebay/cronus/software/service_nodes/.ENVf7jokk59vh.uaas-app__ENVf7jokk59vh.uaas-app__ENVf7jokk59vh-PHX-CLieunv4vdj5j9a-10.9.159.221/installed-packages/uaas/0.0.5_SNAPSHOT_20160622200653345.unx/cronus/scripts/app/temp/24294291329606118/promowebweb/pom.xml for artifact promowebweb
2016-06-28 22:39:00 INFO  c.e.u.r.r.RaptorPlatformVersionUpdateRule.transform:45 - Rule com.ebay.uaas.raptor.rule.RaptorPlatformVersionUpdateRule was applied to 1 files
2016-06-28 22:39:00 INFO  c.e.u.r.r.RaptorPlatformVersionUpdateRule.apply:98 - Remove the version for Plugin [com.ebay.raptor.build:assembler-maven-plugin] and let RaptorPlatform to manage it in /ebay/cronus/software/service_nodes/.ENVf7jokk59vh.uaas-app__ENVf7jokk59vh.uaas-app__ENVf7jokk59vh-PHX-CLieunv4vdj5j9a-10.9.159.221/installed-packages/uaas/0.0.5_SNAPSHOT_20160622200653345.unx/cronus/scripts/app/temp/24294291329606118/promowebweb/pom.xml
2016-06-28 22:39:00 INFO  c.e.u.r.r.RaptorPlatformVersionUpdateRule.apply:102 - Rule com.ebay.uaas.raptor.rule.RaptorPlatformVersionUpdateRule was applied to 1 files
2016-06-28 22:39:00 INFO  c.e.u.r.r.RaptorPlatformVersionUpdateRule.apply:102 - Rule com.ebay.uaas.raptor.rule.RaptorPlatformVersionUpdateRule was applied to 1 files
2016-06-28 22:39:00 INFO  c.e.r.c.RuleEngine.apply:34 - Executing rule com.ebay.uaas.raptor.rule.FixMavenSurefirePluginRule ...
