2016-08-26 07:20:23 INFO  c.e.u.r.Raptor2.apply:64 - Starting upgrade pom.xml with taskId Some(3735900560329534)
2016-08-26 07:20:23 INFO  c.e.r.c.RuleEngine.apply:34 - Executing rule com.ebay.uaas.raptor.rule.RemoveAssemblerPluginRule ...
2016-08-26 07:20:23 INFO  c.e.u.r.r.RemoveAssemblerPluginRule.transform:35 - Rule com.ebay.uaas.raptor.rule.RemoveAssemblerPluginRule was applied to 0 files
2016-08-26 07:20:23 INFO  c.e.r.c.RuleEngine.apply:34 - Executing rule com.ebay.rtran.maven.MavenPluginsMappingRule ...
2016-08-26 07:20:23 INFO  c.e.r.c.RuleEngine.apply:34 - Executing rule com.ebay.uaas.raptor.rule.RaptorPlatformVersionUpdateRule ...
2016-08-26 07:20:23 INFO  c.e.u.r.r.RaptorPlatformVersionUpdateRule.apply:31 - Found maven pom /ebay/cronus/software/service_nodes/.ENVf7jokk59vh.uaas-app__ENVf7jokk59vh.uaas-app__ENVf7jokk59vh-PHX-CLieunv4vdj5j9a-10.147.244.71/installed-packages/uaas/0.0.5_SNAPSHOT_20160825010640662.unx/cronus/scripts/app/temp/3735900560329534/pom.xml for artifact promoweb
2016-08-26 07:20:23 INFO  c.e.u.r.r.RaptorPlatformVersionUpdateRule.apply:31 - Found maven pom /ebay/cronus/software/service_nodes/.ENVf7jokk59vh.uaas-app__ENVf7jokk59vh.uaas-app__ENVf7jokk59vh-PHX-CLieunv4vdj5j9a-10.147.244.71/installed-packages/uaas/0.0.5_SNAPSHOT_20160825010640662.unx/cronus/scripts/app/temp/3735900560329534/promowebweb/pom.xml for artifact promowebweb
2016-08-26 07:20:23 INFO  c.e.u.r.r.RaptorPlatformVersionUpdateRule.transform:46 - Rule com.ebay.uaas.raptor.rule.RaptorPlatformVersionUpdateRule was applied to 1 files
2016-08-26 07:20:23 INFO  c.e.u.r.r.RaptorPlatformVersionUpdateRule.apply:99 - Remove the version for Plugin [com.ebay.raptor.build:assembler-maven-plugin] and let RaptorPlatform to manage it in /ebay/cronus/software/service_nodes/.ENVf7jokk59vh.uaas-app__ENVf7jokk59vh.uaas-app__ENVf7jokk59vh-PHX-CLieunv4vdj5j9a-10.147.244.71/installed-packages/uaas/0.0.5_SNAPSHOT_20160825010640662.unx/cronus/scripts/app/temp/3735900560329534/promowebweb/pom.xml
2016-08-26 07:20:23 INFO  c.e.u.r.r.RaptorPlatformVersionUpdateRule.apply:103 - Rule com.ebay.uaas.raptor.rule.RaptorPlatformVersionUpdateRule was applied to 1 files
2016-08-26 07:20:23 INFO  c.e.u.r.r.RaptorPlatformVersionUpdateRule.apply:103 - Rule com.ebay.uaas.raptor.rule.RaptorPlatformVersionUpdateRule was applied to 1 files
2016-08-26 07:20:23 INFO  c.e.r.c.RuleEngine.apply:34 - Executing rule com.ebay.uaas.raptor.rule.FixMavenSurefirePluginRule ...
2016-08-26 07:20:23 INFO  c.e.r.c.RuleEngine.apply:34 - Executing rule com.ebay.uaas.raptor.rule.FixAssemblerMavenPluginRule ...
2016-08-26 07:20:23 INFO  c.e.u.r.r.FixAssemblerMavenPluginRule.transform:62 - Rule com.ebay.uaas.raptor.rule.FixAssemblerMavenPluginRule was applied to 1 files
2016-08-26 07:20:23 INFO  c.e.r.c.JsonUpgradeConfiguration.apply:45 - Creating instance for MavenRemoveDependenciesRule with config Some(JObject(List((dependencies,JArray(List(JObject(List((groupId,JString(org.springframework)), (artifactId,JString(spring-asm))))))))))
2016-08-26 07:20:23 INFO  c.e.r.c.JsonUpgradeConfiguration.apply:45 - Creating instance for MavenExcludeDependenciesRule with config Some(JObject(List((exclusions,JArray(List(JObject(List((groupId,JString(org.springframework)), (artifactId,JString(spring-asm))))))))))
2016-08-26 07:20:23 INFO  c.e.r.c.RuleEngine.apply:34 - Executing rule com.ebay.rtran.maven.MavenRemoveDependenciesRule ...
2016-08-26 07:20:23 INFO  c.e.r.m.MavenRemoveDependenciesRule.transform:52 - Rule com.ebay.rtran.maven.MavenRemoveDependenciesRule was applied to 0 files
2016-08-26 07:20:23 INFO  c.e.r.c.RuleEngine.apply:34 - Executing rule com.ebay.rtran.maven.MavenExcludeDependenciesRule ...
2016-08-26 07:20:45 INFO  c.e.r.m.MavenExcludeDependenciesRule.transform:69 - Rule com.ebay.rtran.maven.MavenExcludeDependenciesRule was applied to 0 files
2016-08-26 07:20:45 INFO  c.e.r.c.JsonUpgradeConfiguration.apply:45 - Creating instance for MigratePESConfigurationRule with config None
2016-08-26 07:20:45 INFO  c.e.r.c.RuleEngine.apply:34 - Executing rule com.ebay.uaas.raptor.rule.MigratePESConfigurationRule ...
2016-08-26 07:20:45 INFO  c.e.u.r.r.MigratePESConfigurationRule.transform:50 - Rule com.ebay.uaas.raptor.rule.MigratePESConfigurationRule was applied to 0 files
2016-08-26 07:20:45 INFO  c.e.u.r.Raptor2.apply:81 - End rule execution for taskId Some(3735900560329534)
