2018-02-08 02:02:31 INFO  c.e.u.r.Raptor2.apply:68 - Starting upgrade pom.xml with taskId Some(1194707526330810)
2018-02-08 02:02:31 INFO  c.e.r.c.JsonUpgradeConfiguration.apply:45 - Creating instance for RaptorPlatformVersionUpdateRule with config Some(JObject(List((targetVersion,JString(2.5.0-RELEASE)))))
2018-02-08 02:02:31 INFO  c.e.r.c.JsonUpgradeConfiguration.apply:45 - Creating instance for MavenRemoveDependenciesRule with config Some(JObject(List((dependencies,JArray(List(JObject(List((groupId,JString(org.apache.httpcomponents)), (artifactId,JString(httpclient-osgi)))), JObject(List((groupId,JString(org.apache.httpcomponents)), (artifactId,JString(httpcore-osgi))))))))))
2018-02-08 02:02:31 INFO  c.e.r.c.JsonUpgradeConfiguration.apply:45 - Creating instance for MigratePESConfigurationRule with config None
2018-02-08 02:02:31 INFO  c.e.r.c.JsonUpgradeConfiguration.apply:45 - Creating instance for MavenCheckAndAddDependenciesRule with config Some(JObject(List((exist,JArray(List(JObject(List((groupId,JString(com.ebay.platform.raptor)), (artifactId,JString(RaptorDDSHandler))))))), (add,JArray(List(JObject(List((groupId,JString(com.ebay.platform.raptor)), (artifactId,JString(RaptorUserExperienceAdaptor))))))))))
2018-02-08 02:02:31 INFO  c.e.u.r.Raptor2.filterFinalExecuteRules$1:88 - Move below rules to final execution List()
2018-02-08 02:02:31 INFO  c.e.r.c.RuleEngine.apply:35 - Executing rule com.ebay.uaas.raptor.rule.RaptorPlatformVersionUpdateRule ...
2018-02-08 02:02:31 INFO  c.e.u.r.r.RaptorPlatformVersionUpdateRule.apply:32 - Found maven pom /ebay/cronus/software/service_nodes/.ENVf7jokk59vh.uaas-app__ENVf7jokk59vh.uaas-app__ENVf7jokk59vh-PHX-CLieunv4vdj5j9a-10.147.201.76/installed-packages/uaas/0.0.5_SNAPSHOT_20180205134928523.unx/cronus/scripts/app/temp/1194707526330810/pom.xml for artifact promoweb
2018-02-08 02:02:31 INFO  c.e.u.r.r.RaptorPlatformVersionUpdateRule.apply:32 - Found maven pom /ebay/cronus/software/service_nodes/.ENVf7jokk59vh.uaas-app__ENVf7jokk59vh.uaas-app__ENVf7jokk59vh-PHX-CLieunv4vdj5j9a-10.147.201.76/installed-packages/uaas/0.0.5_SNAPSHOT_20180205134928523.unx/cronus/scripts/app/temp/1194707526330810/promowebweb/pom.xml for artifact promowebweb
2018-02-08 02:02:31 INFO  c.e.u.r.r.RaptorPlatformVersionUpdateRule.transform:47 - Rule com.ebay.uaas.raptor.rule.RaptorPlatformVersionUpdateRule was applied to 1 files
2018-02-08 02:02:31 INFO  c.e.u.r.r.RaptorPlatformVersionUpdateRule.apply:122 - Rule com.ebay.uaas.raptor.rule.RaptorPlatformVersionUpdateRule was applied to 0 files
2018-02-08 02:02:31 INFO  c.e.u.r.r.RaptorPlatformVersionUpdateRule.apply:122 - Rule com.ebay.uaas.raptor.rule.RaptorPlatformVersionUpdateRule was applied to 0 files
2018-02-08 02:02:31 INFO  c.e.r.c.RuleEngine.apply:39 - Executed rule com.ebay.uaas.raptor.rule.RaptorPlatformVersionUpdateRule in 226 ms
2018-02-08 02:02:31 INFO  c.e.r.c.RuleEngine.apply:35 - Executing rule com.ebay.rtran.maven.MavenRemoveDependenciesRule ...
2018-02-08 02:02:35 INFO  c.e.r.m.MavenRemoveDependenciesRule.transform:52 - Rule com.ebay.rtran.maven.MavenRemoveDependenciesRule was applied to 0 files
2018-02-08 02:02:35 INFO  c.e.r.c.RuleEngine.apply:39 - Executed rule com.ebay.rtran.maven.MavenRemoveDependenciesRule in 3585 ms
2018-02-08 02:02:35 INFO  c.e.r.c.RuleEngine.apply:35 - Executing rule com.ebay.uaas.raptor.rule.MigratePESConfigurationRule ...
2018-02-08 02:02:35 INFO  c.e.u.r.r.MigratePESConfigurationRule.transform:50 - Rule com.ebay.uaas.raptor.rule.MigratePESConfigurationRule was applied to 0 files
2018-02-08 02:02:35 INFO  c.e.r.c.RuleEngine.apply:39 - Executed rule com.ebay.uaas.raptor.rule.MigratePESConfigurationRule in 1 ms
2018-02-08 02:02:35 INFO  c.e.r.c.RuleEngine.apply:35 - Executing rule com.ebay.uaas.raptor.rule.MavenCheckAndAddDependenciesRule ...
2018-02-08 02:02:36 INFO  c.e.r.c.RuleEngine.apply:39 - Executed rule com.ebay.uaas.raptor.rule.MavenCheckAndAddDependenciesRule in 1518 ms
2018-02-08 02:02:36 INFO  c.e.u.r.Raptor2.com$ebay$uaas$raptor$Raptor2$$anonfun$$execute$1:77 - Executed rules for Some(1194707526330810)[from 2.4.2-RELEASE] in 5.334 s
2018-02-08 02:02:36 INFO  c.e.r.c.JsonUpgradeConfiguration.apply:45 - Creating instance for RaptorPlatformVersionUpdateRule with config Some(JObject(List((targetVersion,JString(2.6.0-RELEASE)))))
2018-02-08 02:02:36 INFO  c.e.r.c.JsonUpgradeConfiguration.apply:45 - Creating instance for MavenAddPlugisnRule with config Some(JObject(List((plugins,JArray(List(JObject(List((groupId,JString(com.ebay.raptor.build)), (artifactId,JString(service-discovery-maven-plugin))))))), (packageTypes,JArray(List(JString(war)))))))
2018-02-08 02:02:36 INFO  c.e.r.c.JsonUpgradeConfiguration.apply:45 - Creating instance for MavenExcludeAndReplaceDependenciesRule with config Some(JObject(List((from,JArray(List(JObject(List((groupId,JString(org.bouncycastle)), (artifactId,JString(bctsp-jdk15))))))), (to,JArray(List(JObject(List((groupId,JString(org.bouncycastle)), (artifactId,JString(bctsp-jdk16))))))))))
2018-02-08 02:02:36 INFO  c.e.r.c.JsonUpgradeConfiguration.apply:45 - Creating instance for MavenDependenciesMappingRule with config Some(JObject(List((from,JArray(List(JObject(List((groupId,JString(org.bouncycastle)), (artifactId,JString(bctsp-jdk15))))))), (to,JArray(List(JObject(List((groupId,JString(org.bouncycastle)), (artifactId,JString(bctsp-jdk16))))))))))
2018-02-08 02:02:36 INFO  c.e.r.c.JsonUpgradeConfiguration.apply:45 - Creating instance for MavenExcludeAndReplaceDependenciesRule with config Some(JObject(List((from,JArray(List(JObject(List((groupId,JString(org.bouncycastle)), (artifactId,JString(bcmail-jdk15))))))), (to,JArray(List(JObject(List((groupId,JString(org.bouncycastle)), (artifactId,JString(bcmail-jdk16))))))))))
2018-02-08 02:02:36 INFO  c.e.r.c.JsonUpgradeConfiguration.apply:45 - Creating instance for MavenDependenciesMappingRule with config Some(JObject(List((from,JArray(List(JObject(List((groupId,JString(org.bouncycastle)), (artifactId,JString(bcmail-jdk15))))))), (to,JArray(List(JObject(List((groupId,JString(org.bouncycastle)), (artifactId,JString(bcmail-jdk16))))))))))
2018-02-08 02:02:36 INFO  c.e.r.c.JsonUpgradeConfiguration.apply:45 - Creating instance for MavenExcludeAndReplaceDependenciesRule with config Some(JObject(List((from,JArray(List(JObject(List((groupId,JString(org.bouncycastle)), (artifactId,JString(bcpg-jdk15))))))), (to,JArray(List(JObject(List((groupId,JString(org.bouncycastle)), (artifactId,JString(bcpg-jdk16))))))))))
2018-02-08 02:02:36 INFO  c.e.r.c.JsonUpgradeConfiguration.apply:45 - Creating instance for MavenDependenciesMappingRule with config Some(JObject(List((from,JArray(List(JObject(List((groupId,JString(org.bouncycastle)), (artifactId,JString(bcpg-jdk15))))))), (to,JArray(List(JObject(List((groupId,JString(org.bouncycastle)), (artifactId,JString(bcpg-jdk16))))))))))
2018-02-08 02:02:36 INFO  c.e.r.c.JsonUpgradeConfiguration.apply:45 - Creating instance for RevertRaptorBeanPostProcessorUpdateRule with config None
2018-02-08 02:02:36 INFO  c.e.r.c.JsonUpgradeConfiguration.apply:45 - Creating instance for MavenExcludeAndReplaceDependenciesRule with config Some(JObject(List((from,JArray(List(JObject(List((groupId,JString(org.bouncycastle)), (artifactId,JString(bcprov-jdk15))))))), (to,JArray(List(JObject(List((groupId,JString(org.bouncycastle)), (artifactId,JString(bcprov-jdk16))))))))))
2018-02-08 02:02:36 INFO  c.e.r.c.JsonUpgradeConfiguration.apply:45 - Creating instance for MavenDependenciesMappingRule with config Some(JObject(List((from,JArray(List(JObject(List((groupId,JString(org.bouncycastle)), (artifactId,JString(bcprov-jdk15))))))), (to,JArray(List(JObject(List((groupId,JString(org.bouncycastle)), (artifactId,JString(bcprov-jdk16))))))))))
2018-02-08 02:02:36 INFO  c.e.u.r.Raptor2.filterFinalExecuteRules$1:88 - Move below rules to final execution List(com.ebay.uaas.raptor.rule.MavenExcludeAndReplaceDependenciesRule, com.ebay.uaas.raptor.rule.MavenExcludeAndReplaceDependenciesRule, com.ebay.uaas.raptor.rule.MavenExcludeAndReplaceDependenciesRule, com.ebay.uaas.raptor.rule.MavenExcludeAndReplaceDependenciesRule)
2018-02-08 02:02:36 INFO  c.e.r.c.RuleEngine.apply:35 - Executing rule com.ebay.uaas.raptor.rule.RaptorPlatformVersionUpdateRule ...
2018-02-08 02:02:36 INFO  c.e.u.r.r.RaptorPlatformVersionUpdateRule.apply:32 - Found maven pom /ebay/cronus/software/service_nodes/.ENVf7jokk59vh.uaas-app__ENVf7jokk59vh.uaas-app__ENVf7jokk59vh-PHX-CLieunv4vdj5j9a-10.147.201.76/installed-packages/uaas/0.0.5_SNAPSHOT_20180205134928523.unx/cronus/scripts/app/temp/1194707526330810/pom.xml for artifact promoweb
2018-02-08 02:02:36 INFO  c.e.u.r.r.RaptorPlatformVersionUpdateRule.apply:32 - Found maven pom /ebay/cronus/software/service_nodes/.ENVf7jokk59vh.uaas-app__ENVf7jokk59vh.uaas-app__ENVf7jokk59vh-PHX-CLieunv4vdj5j9a-10.147.201.76/installed-packages/uaas/0.0.5_SNAPSHOT_20180205134928523.unx/cronus/scripts/app/temp/1194707526330810/promowebweb/pom.xml for artifact promowebweb
2018-02-08 02:02:36 INFO  c.e.u.r.r.RaptorPlatformVersionUpdateRule.transform:47 - Rule com.ebay.uaas.raptor.rule.RaptorPlatformVersionUpdateRule was applied to 1 files
2018-02-08 02:02:36 INFO  c.e.u.r.r.RaptorPlatformVersionUpdateRule.apply:122 - Rule com.ebay.uaas.raptor.rule.RaptorPlatformVersionUpdateRule was applied to 0 files
2018-02-08 02:02:36 INFO  c.e.u.r.r.RaptorPlatformVersionUpdateRule.apply:122 - Rule com.ebay.uaas.raptor.rule.RaptorPlatformVersionUpdateRule was applied to 0 files
2018-02-08 02:02:37 INFO  c.e.r.c.RuleEngine.apply:39 - Executed rule com.ebay.uaas.raptor.rule.RaptorPlatformVersionUpdateRule in 1316 ms
2018-02-08 02:02:37 INFO  c.e.r.c.RuleEngine.apply:35 - Executing rule com.ebay.uaas.raptor.rule.MavenAddPlugisnRule ...
2018-02-08 02:02:37 INFO  c.e.u.r.r.MavenAddPlugisnRule.apply:27 - com.ebay.uaas.raptor.rule.MavenAddPlugisnRule added plugin SimplePlugin(Some(com.ebay.raptor.build),service-discovery-maven-plugin,None) to /ebay/cronus/software/service_nodes/.ENVf7jokk59vh.uaas-app__ENVf7jokk59vh.uaas-app__ENVf7jokk59vh-PHX-CLieunv4vdj5j9a-10.147.201.76/installed-packages/uaas/0.0.5_SNAPSHOT_20180205134928523.unx/cronus/scripts/app/temp/1194707526330810/promowebweb/pom.xml
2018-02-08 02:02:37 INFO  c.e.u.r.r.MavenAddPlugisnRule.transform:37 - Rule com.ebay.uaas.raptor.rule.MavenAddPlugisnRule was applied to 1 files
2018-02-08 02:02:38 INFO  c.e.r.c.RuleEngine.apply:39 - Executed rule com.ebay.uaas.raptor.rule.MavenAddPlugisnRule in 597 ms
2018-02-08 02:02:38 INFO  c.e.r.c.RuleEngine.apply:35 - Executing rule com.ebay.rtran.maven.MavenDependenciesMappingRule ...
2018-02-08 02:02:40 INFO  c.e.r.c.RuleEngine.apply:39 - Executed rule com.ebay.rtran.maven.MavenDependenciesMappingRule in 2358 ms
2018-02-08 02:02:40 INFO  c.e.r.c.RuleEngine.apply:35 - Executing rule com.ebay.rtran.maven.MavenDependenciesMappingRule ...
2018-02-08 02:02:42 INFO  c.e.r.c.RuleEngine.apply:39 - Executed rule com.ebay.rtran.maven.MavenDependenciesMappingRule in 1706 ms
2018-02-08 02:02:42 INFO  c.e.r.c.RuleEngine.apply:35 - Executing rule com.ebay.rtran.maven.MavenDependenciesMappingRule ...
2018-02-08 02:02:44 INFO  c.e.r.c.RuleEngine.apply:39 - Executed rule com.ebay.rtran.maven.MavenDependenciesMappingRule in 1773 ms
2018-02-08 02:02:44 INFO  c.e.r.c.RuleEngine.apply:35 - Executing rule com.ebay.uaas.raptor.rule.RevertRaptorBeanPostProcessorUpdateRule ...
2018-02-08 02:02:44 INFO  c.e.u.r.r.RevertRaptorBeanPostProcessorUpdateRule.transform:16 - Rule com.ebay.uaas.raptor.rule.RevertRaptorBeanPostProcessorUpdateRule was applied to 1 files
2018-02-08 02:02:44 INFO  c.e.r.c.RuleEngine.apply:39 - Executed rule com.ebay.uaas.raptor.rule.RevertRaptorBeanPostProcessorUpdateRule in 35 ms
2018-02-08 02:02:44 INFO  c.e.r.c.RuleEngine.apply:35 - Executing rule com.ebay.rtran.maven.MavenDependenciesMappingRule ...
2018-02-08 02:02:45 INFO  c.e.r.c.RuleEngine.apply:39 - Executed rule com.ebay.rtran.maven.MavenDependenciesMappingRule in 1114 ms
2018-02-08 02:02:45 INFO  c.e.u.r.Raptor2.com$ebay$uaas$raptor$Raptor2$$anonfun$$execute$1:77 - Executed rules for Some(1194707526330810)[from 2.5.0-RELEASE] in 8.911 s
2018-02-08 02:02:45 INFO  c.e.u.r.Raptor2.filterFinalExecuteRules$1:88 - Move below rules to final execution List()
2018-02-08 02:02:45 INFO  c.e.r.c.RuleEngine.apply:35 - Executing rule com.ebay.uaas.raptor.rule.RemoveAssemblerPluginRule ...
2018-02-08 02:02:45 INFO  c.e.u.r.r.RemoveAssemblerPluginRule.transform:35 - Rule com.ebay.uaas.raptor.rule.RemoveAssemblerPluginRule was applied to 0 files
2018-02-08 02:02:45 INFO  c.e.r.c.RuleEngine.apply:39 - Executed rule com.ebay.uaas.raptor.rule.RemoveAssemblerPluginRule in 190 ms
2018-02-08 02:02:45 INFO  c.e.r.c.RuleEngine.apply:35 - Executing rule com.ebay.rtran.maven.MavenPluginsMappingRule ...
2018-02-08 02:02:51 INFO  c.e.r.c.RuleEngine.apply:39 - Executed rule com.ebay.rtran.maven.MavenPluginsMappingRule in 5608 ms
2018-02-08 02:02:51 INFO  c.e.r.c.RuleEngine.apply:35 - Executing rule com.ebay.uaas.raptor.rule.RaptorPlatformVersionUpdateRule ...
2018-02-08 02:02:51 INFO  c.e.u.r.r.RaptorPlatformVersionUpdateRule.apply:32 - Found maven pom /ebay/cronus/software/service_nodes/.ENVf7jokk59vh.uaas-app__ENVf7jokk59vh.uaas-app__ENVf7jokk59vh-PHX-CLieunv4vdj5j9a-10.147.201.76/installed-packages/uaas/0.0.5_SNAPSHOT_20180205134928523.unx/cronus/scripts/app/temp/1194707526330810/pom.xml for artifact promoweb
2018-02-08 02:02:51 INFO  c.e.u.r.r.RaptorPlatformVersionUpdateRule.apply:32 - Found maven pom /ebay/cronus/software/service_nodes/.ENVf7jokk59vh.uaas-app__ENVf7jokk59vh.uaas-app__ENVf7jokk59vh-PHX-CLieunv4vdj5j9a-10.147.201.76/installed-packages/uaas/0.0.5_SNAPSHOT_20180205134928523.unx/cronus/scripts/app/temp/1194707526330810/promowebweb/pom.xml for artifact promowebweb
2018-02-08 02:02:51 INFO  c.e.u.r.r.RaptorPlatformVersionUpdateRule.transform:47 - Rule com.ebay.uaas.raptor.rule.RaptorPlatformVersionUpdateRule was applied to 1 files
2018-02-08 02:02:51 INFO  c.e.u.r.r.RaptorPlatformVersionUpdateRule.apply:118 - Remove the version for Plugin [com.ebay.raptor.build:assembler-maven-plugin] and let RaptorPlatform to manage it in /ebay/cronus/software/service_nodes/.ENVf7jokk59vh.uaas-app__ENVf7jokk59vh.uaas-app__ENVf7jokk59vh-PHX-CLieunv4vdj5j9a-10.147.201.76/installed-packages/uaas/0.0.5_SNAPSHOT_20180205134928523.unx/cronus/scripts/app/temp/1194707526330810/promowebweb/pom.xml
2018-02-08 02:02:51 INFO  c.e.u.r.r.RaptorPlatformVersionUpdateRule.apply:122 - Rule com.ebay.uaas.raptor.rule.RaptorPlatformVersionUpdateRule was applied to 1 files
2018-02-08 02:02:51 INFO  c.e.u.r.r.RaptorPlatformVersionUpdateRule.apply:122 - Rule com.ebay.uaas.raptor.rule.RaptorPlatformVersionUpdateRule was applied to 1 files
2018-02-08 02:02:51 INFO  c.e.r.c.RuleEngine.apply:39 - Executed rule com.ebay.uaas.raptor.rule.RaptorPlatformVersionUpdateRule in 726 ms
2018-02-08 02:02:51 INFO  c.e.r.c.RuleEngine.apply:35 - Executing rule com.ebay.uaas.raptor.rule.FixMavenSurefirePluginRule ...
2018-02-08 02:02:52 INFO  c.e.r.c.RuleEngine.apply:39 - Executed rule com.ebay.uaas.raptor.rule.FixMavenSurefirePluginRule in 177 ms
2018-02-08 02:02:52 INFO  c.e.r.c.RuleEngine.apply:35 - Executing rule com.ebay.uaas.raptor.rule.FixAssemblerMavenPluginRule ...
2018-02-08 02:02:52 INFO  c.e.u.r.r.FixAssemblerMavenPluginRule.transform:64 - Rule com.ebay.uaas.raptor.rule.FixAssemblerMavenPluginRule was applied to 1 files
2018-02-08 02:02:52 INFO  c.e.r.c.RuleEngine.apply:39 - Executed rule com.ebay.uaas.raptor.rule.FixAssemblerMavenPluginRule in 197 ms
2018-02-08 02:02:52 INFO  c.e.u.r.Raptor2.com$ebay$uaas$raptor$Raptor2$$anonfun$$execute$1:77 - Executed rules for Some(1194707526330810)[from 2.6.0-RELEASE] in 6.910 s
2018-02-08 02:02:52 INFO  c.e.r.c.JsonUpgradeConfiguration.apply:45 - Creating instance for MavenRemoveDependenciesRule with config Some(JObject(List((dependencies,JArray(List(JObject(List((groupId,JString(org.springframework)), (artifactId,JString(spring-asm))))))))))
2018-02-08 02:02:52 INFO  c.e.r.c.JsonUpgradeConfiguration.apply:45 - Creating instance for MavenExcludeDependenciesRuleOverride with config Some(JObject(List((exclusions,JArray(List(JObject(List((groupId,JString(org.springframework)), (artifactId,JString(spring-asm))))))))))
2018-02-08 02:02:52 INFO  c.e.r.c.JsonUpgradeConfiguration.apply:45 - Creating instance for RaptorStackBasedRule with config Some(JObject(List((stacks,JArray(List(JString(raptor-cos-rest-service)))), (rules,JObject(List((ruleConfigs,JArray(List(JObject(List((name,JString(MavenAddDependenciesRule)), (config,JObject(List((dependencies,JArray(List(JObject(List((groupId,JString(com.ebay.app.raptor)), (artifactId,JString(raptor-standards-support)))), JObject(List((groupId,JString(com.ebay.app.raptor)), (artifactId,JString(COSStandardsParser))))))), (packageTypes,JArray(List(JString(war))))))))))))))))))
2018-02-08 02:02:52 INFO  c.e.r.c.JsonUpgradeConfiguration.apply:45 - Creating instance for FixBatch26AssemblerMavenPluginRule with config None
2018-02-08 02:02:52 INFO  c.e.r.c.JsonUpgradeConfiguration.apply:45 - Creating instance for RaptorConfigUpdateRule with config None
2018-02-08 02:02:52 INFO  c.e.u.r.Raptor2.filterFinalExecuteRules$1:88 - Move below rules to final execution List(com.ebay.uaas.raptor.rule.MavenExcludeDependenciesRule)
2018-02-08 02:02:52 INFO  c.e.r.c.RuleEngine.apply:35 - Executing rule com.ebay.rtran.maven.MavenRemoveDependenciesRule ...
2018-02-08 02:02:53 INFO  c.e.r.m.MavenRemoveDependenciesRule.transform:52 - Rule com.ebay.rtran.maven.MavenRemoveDependenciesRule was applied to 0 files
2018-02-08 02:02:53 INFO  c.e.r.c.RuleEngine.apply:39 - Executed rule com.ebay.rtran.maven.MavenRemoveDependenciesRule in 1256 ms
2018-02-08 02:02:53 INFO  c.e.r.c.RuleEngine.apply:35 - Executing rule com.ebay.uaas.raptor.rule.RaptorStackBasedRule ...
2018-02-08 02:02:53 INFO  c.e.u.r.r.RaptorStackBasedRule.apply:34 - Find raptor_app.xml at /ebay/cronus/software/service_nodes/.ENVf7jokk59vh.uaas-app__ENVf7jokk59vh.uaas-app__ENVf7jokk59vh-PHX-CLieunv4vdj5j9a-10.147.201.76/installed-packages/uaas/0.0.5_SNAPSHOT_20180205134928523.unx/cronus/scripts/app/temp/1194707526330810/promowebweb/src/main/webapp/META-INF/raptor_app.xml
2018-02-08 02:02:53 INFO  c.e.u.r.r.RaptorStackBasedRule.transform:50 - wont' do anything as the stack doesn't match for com.ebay.uaas.raptor.rule.RaptorStackBasedRule
2018-02-08 02:02:53 INFO  c.e.r.c.RuleEngine.apply:39 - Executed rule com.ebay.uaas.raptor.rule.RaptorStackBasedRule in 1 ms
2018-02-08 02:02:53 INFO  c.e.r.c.RuleEngine.apply:35 - Executing rule com.ebay.uaas.raptor.rule.FixBatch26AssemblerMavenPluginRule ...
2018-02-08 02:02:53 INFO  c.e.u.r.r.FixBatch26AssemblerMavenPluginRule.transform:48 - Rule com.ebay.uaas.raptor.rule.FixBatch26AssemblerMavenPluginRule was applied to 0 files
2018-02-08 02:02:53 INFO  c.e.r.c.RuleEngine.apply:39 - Executed rule com.ebay.uaas.raptor.rule.FixBatch26AssemblerMavenPluginRule in 157 ms
2018-02-08 02:02:53 INFO  c.e.r.c.RuleEngine.apply:35 - Executing rule com.ebay.uaas.raptor.rule.RaptorConfigUpdateRule ...
2018-02-08 02:02:53 INFO  c.e.r.c.RuleEngine.apply:39 - Executed rule com.ebay.uaas.raptor.rule.RaptorConfigUpdateRule in 0 ms
2018-02-08 02:02:53 INFO  c.e.u.r.Raptor2.com$ebay$uaas$raptor$Raptor2$$anonfun$$execute$1:77 - Executed rules for Some(1194707526330810)[to 2.6.4-RELEASE] in 1.418 s
2018-02-08 02:02:53 INFO  c.e.u.r.Raptor2.filterFinalExecuteRules$1:88 - Move below rules to final execution List()
2018-02-08 02:02:53 INFO  c.e.u.r.Raptor2.com$ebay$uaas$raptor$Raptor2$$anonfun$$execute$1:77 - Executed rules for Some(1194707526330810)[to 2.6.4-RELEASE] in 2.586 μs
2018-02-08 02:02:53 INFO  c.e.u.r.Raptor2.apply:119 - Executing merged rule com.ebay.uaas.raptor.rule.MavenExcludeAndReplaceDependenciesRule$MultiMavenExcludeAndReplaceDependenciesRule
2018-02-08 02:02:53 INFO  c.e.r.c.RuleEngine.apply:35 - Executing rule com.ebay.uaas.raptor.rule.MavenExcludeAndReplaceDependenciesRule$MultiMavenExcludeAndReplaceDependenciesRule ...
2018-02-08 02:02:53 INFO  c.e.u.r.r.MavenExcludeAndReplaceDependenciesRule.apply:99 - Takes: 65 for com.ebay.cbt:cbtcommonfinal:0.0.3-SNAPSHOT
2018-02-08 02:03:16 INFO  c.e.u.r.r.MavenExcludeAndReplaceDependenciesRule.apply:99 - Takes: 22868 for com.ebay.cbt:promocampLib:0.0.3-SNAPSHOT
2018-02-08 02:03:16 INFO  c.e.u.r.r.MavenExcludeAndReplaceDependenciesRule.apply:105 - com.ebay.uaas.raptor.rule.MavenExcludeAndReplaceDependenciesRule excluded Set(SimpleDependency(org.bouncycastle,bcmail-jdk15,None,None,None,None), SimpleDependency(org.bouncycastle,bcprov-jdk15,None,None,None,None)) from Dependency {groupId=com.ebay.cbt, artifactId=promocampLib, version=0.0.3-SNAPSHOT, type=jar} in /ebay/cronus/software/service_nodes/.ENVf7jokk59vh.uaas-app__ENVf7jokk59vh.uaas-app__ENVf7jokk59vh-PHX-CLieunv4vdj5j9a-10.147.201.76/installed-packages/uaas/0.0.5_SNAPSHOT_20180205134928523.unx/cronus/scripts/app/temp/1194707526330810/promowebweb/pom.xml
2018-02-08 02:03:35 INFO  c.e.u.r.r.MavenExcludeAndReplaceDependenciesRule.apply:99 - Takes: 18936 for com.ebay.app.raptor:PromoCommon:0.0.1-SNAPSHOT
2018-02-08 02:03:35 INFO  c.e.u.r.r.MavenExcludeAndReplaceDependenciesRule.apply:105 - com.ebay.uaas.raptor.rule.MavenExcludeAndReplaceDependenciesRule excluded Set(SimpleDependency(org.bouncycastle,bcmail-jdk15,None,None,None,None), SimpleDependency(org.bouncycastle,bcprov-jdk15,None,None,None,None)) from Dependency {groupId=com.ebay.app.raptor, artifactId=PromoCommon, version=0.0.1-SNAPSHOT, type=jar} in /ebay/cronus/software/service_nodes/.ENVf7jokk59vh.uaas-app__ENVf7jokk59vh.uaas-app__ENVf7jokk59vh-PHX-CLieunv4vdj5j9a-10.147.201.76/installed-packages/uaas/0.0.5_SNAPSHOT_20180205134928523.unx/cronus/scripts/app/temp/1194707526330810/promowebweb/pom.xml
2018-02-08 02:03:51 INFO  c.e.u.r.r.MavenExcludeAndReplaceDependenciesRule.apply:99 - Takes: 15540 for com.ebay.app.raptor:CBTCommon:0.0.1-SNAPSHOT
2018-02-08 02:03:51 INFO  c.e.u.r.r.MavenExcludeAndReplaceDependenciesRule.apply:105 - com.ebay.uaas.raptor.rule.MavenExcludeAndReplaceDependenciesRule excluded Set(SimpleDependency(org.bouncycastle,bcmail-jdk15,None,None,None,None), SimpleDependency(org.bouncycastle,bcprov-jdk15,None,None,None,None)) from Dependency {groupId=com.ebay.app.raptor, artifactId=CBTCommon, version=0.0.1-SNAPSHOT, type=jar} in /ebay/cronus/software/service_nodes/.ENVf7jokk59vh.uaas-app__ENVf7jokk59vh.uaas-app__ENVf7jokk59vh-PHX-CLieunv4vdj5j9a-10.147.201.76/installed-packages/uaas/0.0.5_SNAPSHOT_20180205134928523.unx/cronus/scripts/app/temp/1194707526330810/promowebweb/pom.xml
2018-02-08 02:04:12 INFO  c.e.u.r.r.MavenExcludeAndReplaceDependenciesRule.apply:99 - Takes: 21509 for com.ebay.cbt.raptor:CBTCSApi:0.0.4-SNAPSHOT
2018-02-08 02:04:12 INFO  c.e.u.r.r.MavenExcludeAndReplaceDependenciesRule.apply:105 - com.ebay.uaas.raptor.rule.MavenExcludeAndReplaceDependenciesRule excluded Set(SimpleDependency(org.bouncycastle,bcmail-jdk15,None,None,None,None), SimpleDependency(org.bouncycastle,bcprov-jdk15,None,None,None,None)) from Dependency {groupId=com.ebay.cbt.raptor, artifactId=CBTCSApi, version=0.0.4-SNAPSHOT, type=jar} in /ebay/cronus/software/service_nodes/.ENVf7jokk59vh.uaas-app__ENVf7jokk59vh.uaas-app__ENVf7jokk59vh-PHX-CLieunv4vdj5j9a-10.147.201.76/installed-packages/uaas/0.0.5_SNAPSHOT_20180205134928523.unx/cronus/scripts/app/temp/1194707526330810/promowebweb/pom.xml
2018-02-08 02:04:12 INFO  c.e.u.r.r.MavenExcludeAndReplaceDependenciesRule.apply:99 - Takes: 41 for org.apache.poi:poi:3.14
2018-02-08 02:04:13 INFO  c.e.u.r.r.MavenExcludeAndReplaceDependenciesRule.apply:99 - Takes: 261 for org.apache.poi:poi-ooxml:3.14
2018-02-08 02:04:13 INFO  c.e.u.r.r.MavenExcludeAndReplaceDependenciesRule.apply:99 - Takes: 1 for commons-fileupload:commons-fileupload:1.3.1
2018-02-08 02:04:13 INFO  c.e.u.r.r.MavenExcludeAndReplaceDependenciesRule.apply:99 - Takes: 457 for org.hibernate:hibernate-validator:5.2.2.Final
2018-02-08 02:04:31 INFO  c.e.u.r.r.MavenExcludeAndReplaceDependenciesRule.apply:99 - Takes: 17500 for com.ebay.cbt.raptor:CBTWltApi:0.0.1-SNAPSHOT
2018-02-08 02:04:31 INFO  c.e.u.r.r.MavenExcludeAndReplaceDependenciesRule.apply:105 - com.ebay.uaas.raptor.rule.MavenExcludeAndReplaceDependenciesRule excluded Set(SimpleDependency(org.bouncycastle,bcmail-jdk15,None,None,None,None), SimpleDependency(org.bouncycastle,bcprov-jdk15,None,None,None,None)) from Dependency {groupId=com.ebay.cbt.raptor, artifactId=CBTWltApi, version=0.0.1-SNAPSHOT, type=jar} in /ebay/cronus/software/service_nodes/.ENVf7jokk59vh.uaas-app__ENVf7jokk59vh.uaas-app__ENVf7jokk59vh-PHX-CLieunv4vdj5j9a-10.147.201.76/installed-packages/uaas/0.0.5_SNAPSHOT_20180205134928523.unx/cronus/scripts/app/temp/1194707526330810/promowebweb/pom.xml
2018-02-08 02:04:31 INFO  c.e.u.r.r.MavenExcludeAndReplaceDependenciesRule.apply:99 - Takes: 247 for com.itextpdf:itextpdf:5.5.7
2018-02-08 02:04:31 INFO  c.e.u.r.r.MavenExcludeAndReplaceDependenciesRule.apply:99 - Takes: 88 for com.itextpdf.tool:xmlworker:5.4.1
2018-02-08 02:04:31 INFO  c.e.u.r.r.MavenExcludeAndReplaceDependenciesRule.transformInternal:116 - Rule com.ebay.uaas.raptor.rule.MavenExcludeAndReplaceDependenciesRule was applied to 1 files
2018-02-08 02:04:31 INFO  c.e.r.c.RuleEngine.apply:39 - Executed rule com.ebay.uaas.raptor.rule.MavenExcludeAndReplaceDependenciesRule$MultiMavenExcludeAndReplaceDependenciesRule in 97683 ms
2018-02-08 02:04:31 INFO  c.e.u.r.Raptor2.com$ebay$uaas$raptor$Raptor2$$anonfun$$execute$1:77 - Executed rules for Some(1194707526330810)[from 2.6.4-RELEASE] in 1.628 min
2018-02-08 02:04:31 INFO  c.e.u.r.Raptor2.apply:119 - Executing merged rule com.ebay.uaas.raptor.rule.MavenExcludeDependenciesRule
2018-02-08 02:04:31 INFO  c.e.r.c.RuleEngine.apply:35 - Executing rule com.ebay.uaas.raptor.rule.MavenExcludeDependenciesRule ...
2018-02-08 02:04:33 INFO  c.e.u.r.r.MavenExcludeDependenciesRule.transform:94 - Rule com.ebay.uaas.raptor.rule.MavenExcludeDependenciesRule was applied to 0 files
2018-02-08 02:04:33 INFO  c.e.r.c.RuleEngine.apply:39 - Executed rule com.ebay.uaas.raptor.rule.MavenExcludeDependenciesRule in 1667 ms
2018-02-08 02:04:33 INFO  c.e.u.r.Raptor2.com$ebay$uaas$raptor$Raptor2$$anonfun$$execute$1:77 - Executed rules for Some(1194707526330810)[from 2.6.4-RELEASE] in 1.668 s
2018-02-08 02:04:33 INFO  c.e.u.r.Raptor2.apply:125 - End rule execution for taskId Some(1194707526330810)
